<?xml version="1.0" encoding="UTF-8"?>
<testsuite name="Cucumber" time="16.214" tests="4" skipped="0" failures="3" errors="0">
<testcase classname="Conduit App Test" name="Login into App" time="1.886">
<system-out><![CDATA[
Given User is on Login page.................................................passed
When User provide "ramakrishnanr013@gmail.com" and "Selenium@2211"..........passed
Then User should be on Home Page............................................passed
]]></system-out>
</testcase>
<testcase classname="Conduit App Test" name="Create new Article" time="11.427">
<failure type="org.openqa.selenium.TimeoutException" message="Expected condition failed: waiting for visibility of element located by By.xpath: //h1[text()='Sample Title'] (tried for 10 second(s) with 500 milliseconds interval)
Build info: version: '4.20.0', revision: '866c76ca80'
System info: os.name: 'Windows 10', os.arch: 'amd64', os.version: '10.0', java.version: '17.0.9'
Driver info: org.openqa.selenium.chrome.ChromeDriver
Capabilities {acceptInsecureCerts: false, browserName: chrome, browserVersion: 135.0.7049.85, chrome: {chromedriverVersion: 135.0.7049.95 (de2eb485a195..., userDataDir: C:\Windows\SystemTemp\scope...}, fedcm:accounts: true, goog:chromeOptions: {debuggerAddress: localhost:55519}, networkConnectionEnabled: false, pageLoadStrategy: normal, platformName: windows, proxy: Proxy(), se:cdp: ws://localhost:55519/devtoo..., se:cdpVersion: 135.0.7049.85, setWindowRect: true, strictFileInteractability: false, timeouts: {implicit: 0, pageLoad: 300000, script: 30000}, unhandledPromptBehavior: dismiss and notify, webauthn:extension:credBlob: true, webauthn:extension:largeBlob: true, webauthn:extension:minPinLength: true, webauthn:extension:prf: true, webauthn:virtualAuthenticators: true}
Session ID: 18af9157f9ab6ba294cdfb63456311de">
<![CDATA[org.openqa.selenium.TimeoutException: Expected condition failed: waiting for visibility of element located by By.xpath: //h1[text()='Sample Title'] (tried for 10 second(s) with 500 milliseconds interval)
Build info: version: '4.20.0', revision: '866c76ca80'
System info: os.name: 'Windows 10', os.arch: 'amd64', os.version: '10.0', java.version: '17.0.9'
Driver info: org.openqa.selenium.chrome.ChromeDriver
Capabilities {acceptInsecureCerts: false, browserName: chrome, browserVersion: 135.0.7049.85, chrome: {chromedriverVersion: 135.0.7049.95 (de2eb485a195..., userDataDir: C:\Windows\SystemTemp\scope...}, fedcm:accounts: true, goog:chromeOptions: {debuggerAddress: localhost:55519}, networkConnectionEnabled: false, pageLoadStrategy: normal, platformName: windows, proxy: Proxy(), se:cdp: ws://localhost:55519/devtoo..., se:cdpVersion: 135.0.7049.85, setWindowRect: true, strictFileInteractability: false, timeouts: {implicit: 0, pageLoad: 300000, script: 30000}, unhandledPromptBehavior: dismiss and notify, webauthn:extension:credBlob: true, webauthn:extension:largeBlob: true, webauthn:extension:minPinLength: true, webauthn:extension:prf: true, webauthn:virtualAuthenticators: true}
Session ID: 18af9157f9ab6ba294cdfb63456311de
	at org.openqa.selenium.support.ui.WebDriverWait.timeoutException(WebDriverWait.java:84)
	at org.openqa.selenium.support.ui.FluentWait.until(FluentWait.java:228)
	at pages.ArticlePage.isArticleDisplayed(ArticlePage.java:38)
	at stepDefinitions.stepdefinitions.article_must_be_created(stepdefinitions.java:57)
	at âœ½.Article must be created(file:///C:/workspace/SampleCaseFinal/src/test/resources/features/conduit.feature:11)
]]>
</failure>
<system-out><![CDATA[
Given User should be on New Article Page....................................passed
When User enters Article details............................................passed
Then Article must be created................................................failed
]]></system-out>
</testcase>
<testcase classname="Conduit App Test" name="Update an Article" time="0.02">
<failure/>
<system-out><![CDATA[
Given Article detail page must be displayed.................................undefined
When User update article detail.............................................skipped
Then Article detail must be updated.........................................skipped
]]></system-out>
</testcase>
<testcase classname="Conduit App Test" name="Delete an Article" time="0.009">
<failure/>
<system-out><![CDATA[
Given Article detail page must be displayed.................................undefined
When User delete article....................................................skipped
Then Article must be deleted................................................skipped
]]></system-out>
</testcase>
</testsuite>
